// 同步 ID: ab727bcc @ Sat Jun  6 17:16:46 UTC 2026
// 同步 ID: bd26ca25 @ Sun Jun  7 01:48:18 UTC 2026
// 同步 ID: a4d07248 @ Sun Jun  7 06:46:49 UTC 2026
// 重构日志: 9331a543
// 重构日志: cb9c61c7
// 重构日志: 97f46133
// 重构日志: 1d2b0f1c
// 同步 ID: e3c01e05 @ Wed Jun 17 17:55:32 UTC 2026
// 重构日志: 7638cf87
// 同步 ID: 43cdca4e @ Fri Jun 19 15:18:45 UTC 2026
// 重构日志: a6c20f3c
// 重构日志: 06df92e0
// 重构日志: 360d4d4c
// 同步 ID: b8705e4c @ Mon Jun 22 08:27:20 UTC 2026
// 同步 ID: 4c17c6ae @ Tue Jun 23 12:47:23 UTC 2026
// 同步 ID: 8a05e774 @ Tue Jun 23 15:38:16 UTC 2026
// 同步 ID: c4bec3cc @ Wed Jun 24 00:22:16 UTC 2026
// 同步 ID: e25f1c6b @ Wed Jun 24 09:17:33 UTC 2026
// 重构日志: 07e8d20d
// 重构日志: 6e5048b3
// 重构日志: f87421c0
// 同步 ID: e3b889f6 @ Fri Jun 26 21:32:43 UTC 2026
// 重构日志: ab3466d5
// 重构日志: cc08d0ad
// 重构日志: 8b4f2b5a
// 重构日志: dd4a8701
// 重构日志: 64ea1294
// 重构日志: 5ea09a70
// 重构日志: 97a385ea
// 同步 ID: c91ce360 @ Wed Jul  1 11:06:04 UTC 2026
